<?xml version="1.0" encoding="UTF-8"?>
<!-- Generated by org.testng.reporters.JUnitReportReporter -->
<testsuite hostname="DESKTOP-SR63GPM" failures="0" tests="1" name="testclasses.AddProductOnMensJacketsPage" time="5.781" errors="0" timestamp="2025-03-11T21:32:24 CDT" skipped="0">
  <testcase classname="testclasses.AddProductOnMensJacketsPage" name="addProductOnMensJacketsPage" time="5.781"/>
</testsuite> <!-- testclasses.AddProductOnMensJacketsPage -->
