<?xml version="1.0" encoding="UTF-8"?>
<!-- Generated by org.testng.reporters.JUnitReportReporter -->
<testsuite hostname="DESKTOP-SR63GPM" failures="0" tests="1" name="testclasses.AddProductOnHomePage" time="4.866" errors="0" timestamp="2025-01-10T18:45:06 CST" skipped="0">
  <testcase classname="testclasses.AddProductOnHomePage" name="addProductOnHomepage" time="4.866"/>
</testsuite> <!-- testclasses.AddProductOnHomePage -->
