<?xml version="1.0" encoding="UTF-8"?>
<!-- Generated by org.testng.reporters.JUnitReportReporter -->
<testsuite hostname="DESKTOP-SR63GPM" failures="0" tests="1" name="testclasses.AddProductOnHomePage" time="11.158" errors="0" timestamp="2025-02-06T17:15:11 CST" skipped="0">
  <testcase classname="testclasses.AddProductOnHomePage" name="addProductOnHomepage" time="11.158"/>
</testsuite> <!-- testclasses.AddProductOnHomePage -->
