<?xml version="1.0" encoding="UTF-8"?>
<!-- Generated by org.testng.reporters.JUnitReportReporter -->
<testsuite hostname="DESKTOP-SR63GPM" failures="0" tests="1" name="testclasses.AddProductOnHomePage" time="0.128" errors="0" timestamp="2025-03-07T21:41:33 CST" skipped="0">
  <testcase classname="testclasses.AddProductOnHomePage" name="addProductOnHomepage" time="0.128"/>
</testsuite> <!-- testclasses.AddProductOnHomePage -->
