<?xml version="1.0" encoding="UTF-8"?>
<!-- Generated by org.testng.reporters.JUnitReportReporter -->
<testsuite hostname="DESKTOP-SR63GPM" failures="0" tests="1" name="testclasses.AddProductOnHomePage" time="10.223" errors="0" timestamp="2025-02-11T17:52:37 CST" skipped="0">
  <testcase classname="testclasses.AddProductOnHomePage" name="addProductOnHomepage" time="10.223"/>
</testsuite> <!-- testclasses.AddProductOnHomePage -->
